# JRE version: Java(TM) SE Runtime Environment (7.0_51-b13) (build 1.7.0_51-b13)
# Java VM: Java HotSpot(TM) 64-Bit Server VM (24.51-b03 mixed mode linux-amd64 compressed oops)
Heap
 PSYoungGen      total 154112K, used 5792K [0x00000000f5500000, 0x0000000100000000, 0x0000000100000000)
  eden space 134144K, 0% used [0x00000000f5500000,0x00000000f5500000,0x00000000fd800000)
  from space 19968K, 29% used [0x00000000fec80000,0x00000000ff228020,0x0000000100000000)
  to   space 20480K, 0% used [0x00000000fd800000,0x00000000fd800000,0x00000000fec00000)
 ParOldGen       total 171008K, used 26690K [0x00000000e0000000, 0x00000000ea700000, 0x00000000f5500000)
  object space 171008K, 15% used [0x00000000e0000000,0x00000000e1a10ad0,0x00000000ea700000)
 PSPermGen       total 21504K, used 12990K [0x00000000dae00000, 0x00000000dc300000, 0x00000000e0000000)
  object space 21504K, 60% used [0x00000000dae00000,0x00000000dbaafaf0,0x00000000dc300000)
GC Heap History (10 events):
Event: 7.285 GC heap after
Heap after GC invocations=3 (full 0):
 PSYoungGen      total 75264K, used 10752K [0x00000000f5500000, 0x00000000fa900000, 0x0000000100000000)
  eden space 64512K, 0% used [0x00000000f5500000,0x00000000f5500000,0x00000000f9400000)
  from space 10752K, 100% used [0x00000000f9400000,0x00000000f9e80000,0x00000000f9e80000)
  to   space 10752K, 0% used [0x00000000f9e80000,0x00000000f9e80000,0x00000000fa900000)
 ParOldGen       total 171008K, used 14158K [0x00000000e0000000, 0x00000000ea700000, 0x00000000f5500000)
  object space 171008K, 8% used [0x00000000e0000000,0x00000000e0dd3a80,0x00000000ea700000)
 PSPermGen       total 21504K, used 12184K [0x00000000dae00000, 0x00000000dc300000, 0x00000000e0000000)
  object space 21504K, 56% used [0x00000000dae00000,0x00000000db9e63d0,0x00000000dc300000)
}
Event: 7.957 GC heap before
{Heap before GC invocations=4 (full 0):
 PSYoungGen      total 75264K, used 75264K [0x00000000f5500000, 0x00000000fa900000, 0x0000000100000000)
  eden space 64512K, 100% used [0x00000000f5500000,0x00000000f9400000,0x00000000f9400000)
  from space 10752K, 100% used [0x00000000f9400000,0x00000000f9e80000,0x00000000f9e80000)
  to   space 10752K, 0% used [0x00000000f9e80000,0x00000000f9e80000,0x00000000fa900000)
 ParOldGen       total 171008K, used 14158K [0x00000000e0000000, 0x00000000ea700000, 0x00000000f5500000)
  object space 171008K, 8% used [0x00000000e0000000,0x00000000e0dd3a80,0x00000000ea700000)
 PSPermGen       total 21504K, used 12241K [0x00000000dae00000, 0x00000000dc300000, 0x00000000e0000000)
  object space 21504K, 56% used [0x00000000dae00000,0x00000000db9f4720,0x00000000dc300000)
Event: 7.972 GC heap after
Heap after GC invocations=4 (full 0):
 PSYoungGen      total 75264K, used 10752K [0x00000000f5500000, 0x00000000fe800000, 0x0000000100000000)
  eden space 64512K, 0% used [0x00000000f5500000,0x00000000f5500000,0x00000000f9400000)
  from space 10752K, 100% used [0x00000000f9e80000,0x00000000fa900000,0x00000000fa900000)
  to   space 10752K, 0% used [0x00000000f9400000,0x00000000f9400000,0x00000000f9e80000)
 ParOldGen       total 171008K, used 15006K [0x00000000e0000000, 0x00000000ea700000, 0x00000000f5500000)
  object space 171008K, 8% used [0x00000000e0000000,0x00000000e0ea7a90,0x00000000ea700000)
 PSPermGen       total 21504K, used 12241K [0x00000000dae00000, 0x00000000dc300000, 0x00000000e0000000)
  object space 21504K, 56% used [0x00000000dae00000,0x00000000db9f4720,0x00000000dc300000)
}
Event: 8.810 GC heap before
{Heap before GC invocations=5 (full 0):
 PSYoungGen      total 75264K, used 75264K [0x00000000f5500000, 0x00000000fe800000, 0x0000000100000000)
  eden space 64512K, 100% used [0x00000000f5500000,0x00000000f9400000,0x00000000f9400000)
  from space 10752K, 100% used [0x00000000f9e80000,0x00000000fa900000,0x00000000fa900000)
  to   space 10752K, 0% used [0x00000000f9400000,0x00000000f9400000,0x00000000f9e80000)
 ParOldGen       total 171008K, used 15006K [0x00000000e0000000, 0x00000000ea700000, 0x00000000f5500000)
  object space 171008K, 8% used [0x00000000e0000000,0x00000000e0ea7a90,0x00000000ea700000)
 PSPermGen       total 21504K, used 12285K [0x00000000dae00000, 0x00000000dc300000, 0x00000000e0000000)
  object space 21504K, 57% used [0x00000000dae00000,0x00000000db9ff7b8,0x00000000dc300000)
Event: 8.829 GC heap after
Heap after GC invocations=5 (full 0):
 PSYoungGen      total 75264K, used 10752K [0x00000000f5500000, 0x00000000ffa00000, 0x0000000100000000)
  eden space 64512K, 0% used [0x00000000f5500000,0x00000000f5500000,0x00000000f9400000)
  from space 10752K, 100% used [0x00000000f9400000,0x00000000f9e80000,0x00000000f9e80000)
  to   space 19968K, 0% used [0x00000000fe680000,0x00000000fe680000,0x00000000ffa00000)
 ParOldGen       total 171008K, used 16382K [0x00000000e0000000, 0x00000000ea700000, 0x00000000f5500000)
  object space 171008K, 9% used [0x00000000e0000000,0x00000000e0fffa90,0x00000000ea700000)
 PSPermGen       total 21504K, used 12285K [0x00000000dae00000, 0x00000000dc300000, 0x00000000e0000000)
  object space 21504K, 57% used [0x00000000dae00000,0x00000000db9ff7b8,0x00000000dc300000)
}
Event: 10.216 GC heap before
{Heap before GC invocations=6 (full 0):
 PSYoungGen      total 75264K, used 75264K [0x00000000f5500000, 0x00000000ffa00000, 0x0000000100000000)
  eden space 64512K, 100% used [0x00000000f5500000,0x00000000f9400000,0x00000000f9400000)
  from space 10752K, 100% used [0x00000000f9400000,0x00000000f9e80000,0x00000000f9e80000)
  to   space 19968K, 0% used [0x00000000fe680000,0x00000000fe680000,0x00000000ffa00000)
 ParOldGen       total 171008K, used 16382K [0x00000000e0000000, 0x00000000ea700000, 0x00000000f5500000)
  object space 171008K, 9% used [0x00000000e0000000,0x00000000e0fffa90,0x00000000ea700000)
 PSPermGen       total 21504K, used 12515K [0x00000000dae00000, 0x00000000dc300000, 0x00000000e0000000)
  object space 21504K, 58% used [0x00000000dae00000,0x00000000dba38e28,0x00000000dc300000)
Event: 10.396 GC heap after
Heap after GC invocations=6 (full 0):
 PSYoungGen      total 147968K, used 12192K [0x00000000f5500000, 0x00000000ff900000, 0x0000000100000000)
  eden space 129024K, 0% used [0x00000000f5500000,0x00000000f5500000,0x00000000fd300000)
  from space 18944K, 64% used [0x00000000fe680000,0x00000000ff268010,0x00000000ff900000)
  to   space 19456K, 0% used [0x00000000fd300000,0x00000000fd300000,0x00000000fe600000)
 ParOldGen       total 171008K, used 16390K [0x00000000e0000000, 0x00000000ea700000, 0x00000000f5500000)
  object space 171008K, 9% used [0x00000000e0000000,0x00000000e1001a90,0x00000000ea700000)
 PSPermGen       total 21504K, used 12515K [0x00000000dae00000, 0x00000000dc300000, 0x00000000e0000000)
  object space 21504K, 58% used [0x00000000dae00000,0x00000000dba38e28,0x00000000dc300000)
}
Event: 11.694 GC heap before
{Heap before GC invocations=7 (full 0):
 PSYoungGen      total 147968K, used 141216K [0x00000000f5500000, 0x00000000ff900000, 0x0000000100000000)
  eden space 129024K, 100% used [0x00000000f5500000,0x00000000fd300000,0x00000000fd300000)
  from space 18944K, 64% used [0x00000000fe680000,0x00000000ff268010,0x00000000ff900000)
  to   space 19456K, 0% used [0x00000000fd300000,0x00000000fd300000,0x00000000fe600000)
 ParOldGen       total 171008K, used 16390K [0x00000000e0000000, 0x00000000ea700000, 0x00000000f5500000)
  object space 171008K, 9% used [0x00000000e0000000,0x00000000e1001a90,0x00000000ea700000)
 PSPermGen       total 21504K, used 12596K [0x00000000dae00000, 0x00000000dc300000, 0x00000000e0000000)
  object space 21504K, 58% used [0x00000000dae00000,0x00000000dba4d280,0x00000000dc300000)
Event: 12.139 GC heap after
Heap after GC invocations=7 (full 0):
 PSYoungGen      total 148480K, used 6624K [0x00000000f5500000, 0x0000000100000000, 0x0000000100000000)
  eden space 129024K, 0% used [0x00000000f5500000,0x00000000f5500000,0x00000000fd300000)
  from space 19456K, 34% used [0x00000000fd300000,0x00000000fd978020,0x00000000fe600000)
  to   space 19968K, 0% used [0x00000000fec80000,0x00000000fec80000,0x0000000100000000)
 ParOldGen       total 171008K, used 24566K [0x00000000e0000000, 0x00000000ea700000, 0x00000000f5500000)
  object space 171008K, 14% used [0x00000000e0000000,0x00000000e17fdac0,0x00000000ea700000)
 PSPermGen       total 21504K, used 12596K [0x00000000dae00000, 0x00000000dc300000, 0x00000000e0000000)
  object space 21504K, 58% used [0x00000000dae00000,0x00000000dba4d280,0x00000000dc300000)
}
Event: 506.878 GC heap before
{Heap before GC invocations=8 (full 0):
 PSYoungGen      total 148480K, used 135648K [0x00000000f5500000, 0x0000000100000000, 0x0000000100000000)
  eden space 129024K, 100% used [0x00000000f5500000,0x00000000fd300000,0x00000000fd300000)
  from space 19456K, 34% used [0x00000000fd300000,0x00000000fd978020,0x00000000fe600000)
  to   space 19968K, 0% used [0x00000000fec80000,0x00000000fec80000,0x0000000100000000)
 ParOldGen       total 171008K, used 24566K [0x00000000e0000000, 0x00000000ea700000, 0x00000000f5500000)
  object space 171008K, 14% used [0x00000000e0000000,0x00000000e17fdac0,0x00000000ea700000)
 PSPermGen       total 21504K, used 12990K [0x00000000dae00000, 0x00000000dc300000, 0x00000000e0000000)
  object space 21504K, 60% used [0x00000000dae00000,0x00000000dbaafaf0,0x00000000dc300000)

